Connecting to database specified by database.yml
  [1m[36m (0.2ms)[0m  [1mselect sqlite_version(*)[0m
  [1m[35m (53.4ms)[0m  CREATE TABLE "schema_migrations" ("version" varchar(255) NOT NULL) 
  [1m[36m (38.1ms)[0m  [1mCREATE UNIQUE INDEX "unique_schema_migrations" ON "schema_migrations" ("version")[0m
  [1m[35m (0.2ms)[0m  SELECT "schema_migrations"."version" FROM "schema_migrations" 
Connecting to database specified by database.yml
  [1m[36m (0.1ms)[0m  [1mSELECT "schema_migrations"."version" FROM "schema_migrations" [0m
Migrating to CreateMovies (20111119180638)
  [1m[35m (0.1ms)[0m  select sqlite_version(*)
  [1m[36m (0.1ms)[0m  [1mbegin transaction[0m
  [1m[35m (3.2ms)[0m  CREATE TABLE "movies" ("id" INTEGER PRIMARY KEY AUTOINCREMENT NOT NULL, "title" varchar(255), "rating" varchar(255), "description" text, "release_date" datetime, "created_at" datetime NOT NULL, "updated_at" datetime NOT NULL) 
  [1m[36m (0.5ms)[0m  [1mINSERT INTO "schema_migrations" ("version") VALUES ('20111119180638')[0m
  [1m[35m (85.0ms)[0m  commit transaction
  [1m[36m (0.2ms)[0m  [1mSELECT "schema_migrations"."version" FROM "schema_migrations" [0m
Connecting to database specified by database.yml
  [1m[36m (0.2ms)[0m  [1mSELECT "schema_migrations"."version" FROM "schema_migrations" [0m
  [1m[35m (0.4ms)[0m  begin transaction
  [1m[36mSQL (50.4ms)[0m  [1mINSERT INTO "movies" ("created_at", "description", "rating", "release_date", "title", "updated_at") VALUES (?, ?, ?, ?, ?, ?)[0m  [["created_at", Wed, 16 Oct 2013 02:25:08 UTC +00:00], ["description", nil], ["rating", "G"], ["release_date", Wed, 25 Nov 1992 00:00:00 UTC +00:00], ["title", "Aladdin"], ["updated_at", Wed, 16 Oct 2013 02:25:08 UTC +00:00]]
  [1m[35m (67.6ms)[0m  commit transaction
  [1m[36m (0.1ms)[0m  [1mbegin transaction[0m
  [1m[35mSQL (1.1ms)[0m  INSERT INTO "movies" ("created_at", "description", "rating", "release_date", "title", "updated_at") VALUES (?, ?, ?, ?, ?, ?)  [["created_at", Wed, 16 Oct 2013 02:25:08 UTC +00:00], ["description", nil], ["rating", "R"], ["release_date", Fri, 26 Oct 1984 00:00:00 UTC +00:00], ["title", "The Terminator"], ["updated_at", Wed, 16 Oct 2013 02:25:08 UTC +00:00]]
  [1m[36m (45.2ms)[0m  [1mcommit transaction[0m
  [1m[35m (0.1ms)[0m  begin transaction
  [1m[36mSQL (1.0ms)[0m  [1mINSERT INTO "movies" ("created_at", "description", "rating", "release_date", "title", "updated_at") VALUES (?, ?, ?, ?, ?, ?)[0m  [["created_at", Wed, 16 Oct 2013 02:25:08 UTC +00:00], ["description", nil], ["rating", "R"], ["release_date", Fri, 21 Jul 1989 00:00:00 UTC +00:00], ["title", "When Harry Met Sally"], ["updated_at", Wed, 16 Oct 2013 02:25:08 UTC +00:00]]
  [1m[35m (52.8ms)[0m  commit transaction
  [1m[36m (0.1ms)[0m  [1mbegin transaction[0m
  [1m[35mSQL (0.8ms)[0m  INSERT INTO "movies" ("created_at", "description", "rating", "release_date", "title", "updated_at") VALUES (?, ?, ?, ?, ?, ?)  [["created_at", Wed, 16 Oct 2013 02:25:08 UTC +00:00], ["description", nil], ["rating", "PG-13"], ["release_date", Wed, 10 Aug 2011 00:00:00 UTC +00:00], ["title", "The Help"], ["updated_at", Wed, 16 Oct 2013 02:25:08 UTC +00:00]]
  [1m[36m (27.7ms)[0m  [1mcommit transaction[0m
  [1m[35m (0.1ms)[0m  begin transaction
  [1m[36mSQL (0.9ms)[0m  [1mINSERT INTO "movies" ("created_at", "description", "rating", "release_date", "title", "updated_at") VALUES (?, ?, ?, ?, ?, ?)[0m  [["created_at", Wed, 16 Oct 2013 02:25:08 UTC +00:00], ["description", nil], ["rating", "PG-13"], ["release_date", Fri, 05 Jan 2001 00:00:00 UTC +00:00], ["title", "Chocolat"], ["updated_at", Wed, 16 Oct 2013 02:25:08 UTC +00:00]]
  [1m[35m (53.1ms)[0m  commit transaction
  [1m[36m (0.1ms)[0m  [1mbegin transaction[0m
  [1m[35mSQL (0.9ms)[0m  INSERT INTO "movies" ("created_at", "description", "rating", "release_date", "title", "updated_at") VALUES (?, ?, ?, ?, ?, ?)  [["created_at", Wed, 16 Oct 2013 02:25:08 UTC +00:00], ["description", nil], ["rating", "R"], ["release_date", Wed, 25 Apr 2001 00:00:00 UTC +00:00], ["title", "Amelie"], ["updated_at", Wed, 16 Oct 2013 02:25:08 UTC +00:00]]
  [1m[36m (55.3ms)[0m  [1mcommit transaction[0m
  [1m[35m (0.2ms)[0m  begin transaction
  [1m[36mSQL (1.3ms)[0m  [1mINSERT INTO "movies" ("created_at", "description", "rating", "release_date", "title", "updated_at") VALUES (?, ?, ?, ?, ?, ?)[0m  [["created_at", Wed, 16 Oct 2013 02:25:08 UTC +00:00], ["description", nil], ["rating", "G"], ["release_date", Sat, 06 Apr 1968 00:00:00 UTC +00:00], ["title", "2001: A Space Odyssey"], ["updated_at", Wed, 16 Oct 2013 02:25:08 UTC +00:00]]
  [1m[35m (55.4ms)[0m  commit transaction
  [1m[36m (0.1ms)[0m  [1mbegin transaction[0m
  [1m[35mSQL (1.0ms)[0m  INSERT INTO "movies" ("created_at", "description", "rating", "release_date", "title", "updated_at") VALUES (?, ?, ?, ?, ?, ?)  [["created_at", Wed, 16 Oct 2013 02:25:08 UTC +00:00], ["description", nil], ["rating", "PG"], ["release_date", Fri, 05 Nov 2004 00:00:00 UTC +00:00], ["title", "The Incredibles"], ["updated_at", Wed, 16 Oct 2013 02:25:08 UTC +00:00]]
  [1m[36m (25.4ms)[0m  [1mcommit transaction[0m
  [1m[35m (0.1ms)[0m  begin transaction
  [1m[36mSQL (0.9ms)[0m  [1mINSERT INTO "movies" ("created_at", "description", "rating", "release_date", "title", "updated_at") VALUES (?, ?, ?, ?, ?, ?)[0m  [["created_at", Wed, 16 Oct 2013 02:25:09 UTC +00:00], ["description", nil], ["rating", "PG"], ["release_date", Fri, 12 Jun 1981 00:00:00 UTC +00:00], ["title", "Raiders of the Lost Ark"], ["updated_at", Wed, 16 Oct 2013 02:25:09 UTC +00:00]]
  [1m[35m (62.9ms)[0m  commit transaction
  [1m[36m (0.1ms)[0m  [1mbegin transaction[0m
  [1m[35mSQL (1.9ms)[0m  INSERT INTO "movies" ("created_at", "description", "rating", "release_date", "title", "updated_at") VALUES (?, ?, ?, ?, ?, ?)  [["created_at", Wed, 16 Oct 2013 02:25:09 UTC +00:00], ["description", nil], ["rating", "G"], ["release_date", Wed, 21 Jun 2000 00:00:00 UTC +00:00], ["title", "Chicken Run"], ["updated_at", Wed, 16 Oct 2013 02:25:09 UTC +00:00]]
  [1m[36m (60.1ms)[0m  [1mcommit transaction[0m


Started GET "/movies" for 127.0.0.1 at 2013-10-15 19:26:41 -0700
Connecting to database specified by database.yml
Processing by MoviesController#index as HTML
  [1m[36mMovie Load (0.4ms)[0m  [1mSELECT "movies".* FROM "movies" [0m
  Rendered movies/index.html.haml within layouts/application (66.5ms)
Compiled application.css  (1ms)  (pid 14554)
Compiled jquery.js  (27ms)  (pid 14554)
Compiled jquery_ujs.js  (0ms)  (pid 14554)
Compiled application.js  (162ms)  (pid 14554)
Completed 200 OK in 827ms (Views: 798.0ms | ActiveRecord: 0.4ms)


Started GET "/assets/application.css?body=1" for 127.0.0.1 at 2013-10-15 19:26:45 -0700
Served asset /application.css - 200 OK (94ms)


Started GET "/assets/jquery_ujs.js?body=1" for 127.0.0.1 at 2013-10-15 19:26:45 -0700
Served asset /jquery_ujs.js - 200 OK (25ms)


Started GET "/assets/jquery.js?body=1" for 127.0.0.1 at 2013-10-15 19:26:45 -0700
Served asset /jquery.js - 200 OK (38ms)


Started GET "/assets/application.js?body=1" for 127.0.0.1 at 2013-10-15 19:26:45 -0700
Served asset /application.js - 200 OK (65ms)


Started GET "/movies" for 127.0.0.1 at 2013-10-15 21:53:00 -0700
Connecting to database specified by database.yml
Processing by MoviesController#index as HTML
  [1m[36mMovie Load (12.9ms)[0m  [1mSELECT "movies".* FROM "movies" WHERE "movies"."rating" IN ('G', 'PG', 'PG-13', 'R')[0m
ERROR: compiling _app_views_movies_index_html_haml__492181970__615374858 RAISED /home/ubuntu/Documents/hw2_rottenpotatoes/app/views/movies/index.html.haml:9: syntax error, unexpected ';', expecting ')'
));}\n", 0, false);end;_hamlout.push_text("#{_ha...
                   ^
/home/ubuntu/Documents/hw2_rottenpotatoes/app/views/movies/index.html.haml:10: syntax error, unexpected keyword_end, expecting '}'
));}\n", 0, false);end;_hamlout.buffer << _hamlout....
                      ^
/home/ubuntu/Documents/hw2_rottenpotatoes/app/views/movies/index.html.haml:29: syntax error, unexpected keyword_ensure, expecting '}'
...:Util.html_safe(_erbout);ensure;@haml_buffer = @haml_buffer....
...                               ^
/home/ubuntu/Documents/hw2_rottenpotatoes/app/views/movies/index.html.haml:29: syntax error, unexpected keyword_end, expecting '}'
...uffer.upper if @haml_buffer;end;
...                               ^
/home/ubuntu/Documents/hw2_rottenpotatoes/app/views/movies/index.html.haml:32: syntax error, unexpected keyword_end, expecting '}'
Function body:           def _app_views_movies_index_html_haml__492181970__615374858(local_assigns, output_buffer)
            _old_virtual_path, @virtual_path = @virtual_path, "movies/index";_old_output_buffer = @output_buffer;;begin;extend Haml::Helpers;_hamlout = @haml_buffer = Haml::Buffer.new(haml_buffer, {:autoclose=>["meta", "img", "link", "br", "hr", "input", "area", "param", "col", "base"], :preserve=>["textarea", "pre", "code"], :attr_wrapper=>"'", :ugly=>false, :format=>:html5, :encoding=>"UTF-8", :escape_html=>true, :escape_attrs=>true, :hyphenate_data_attrs=>true, :cdata=>false});_erbout = _hamlout.buffer;@output_buffer = output_buffer ||= ActionView::OutputBuffer.new rescue nil;;_hamlout.push_text("<h1>All Movies</h1>\n", 0, false);


haml_temp =  form_tag movies_path, :method => :get do
_hamlout.push_text("Include:\n", 0, false);
 @all_ratings.each do |rating, value|
_hamlout.push_text("#{_hamlout.format_script_false_false_false_true_false_true_false(( rating
));}\n#{_hamlout.format_script_false_false_false_true_false_true_false(( check_box_tag "ratings[#{rating}], 1, value
));}\n", 0, false);end;_hamlout.push_text("#{_hamlout.format_script_false_false_false_true_false_true_false(( submit_tag 'Refresh'
));}\n", 0, false);end;_hamlout.buffer << _hamlout.format_script_false_false_false_true_false_false_false(haml_temp);_hamlout.push_text("\n<table id='movies'>\n  <thead>\n    <tr>\n      <th#{_hamlout.adjust_tabs(3); 



_hamlout.attributes({}, nil, :class => ('hilite' if @sort_by == 'title') )}>\n        #{_hamlout.adjust_tabs(1); 
_hamlout.format_script_false_false_false_true_false_true_false(( link_to 'Movie Title', movies_path(:sort => 'title', :ratings => @ratings), :id => 'title_header'
));}\n      </th>\n      <th>Rating</th>\n      <th#{_hamlout.adjust_tabs(-1); 
_hamlout.attributes({}, nil, :class => ('hilite' if @sort_by == 'release_date') )}>\n        #{_hamlout.adjust_tabs(1); 
_hamlout.format_script_false_false_false_true_false_true_false(( link_to 'Release Date', movies_path(:sort => 'release_date', :ratings => @ratings), :id => 'release_date_header'
));}\n      </th>\n      <th>More Info</th>\n    </tr>\n  </thead>\n  <tbody>\n", -2, false);

 @movies.each do |movie|
_hamlout.push_text("    <tr>\n      <td>#{_hamlout.adjust_tabs(2); 
_hamlout.format_script_false_true_false_true_false_true_false((movie.title
));}</td>\n      <td>#{_hamlout.adjust_tabs(1); _hamlout.format_script_false_true_false_true_false_true_false((movie.rating
));}</td>\n      <td>#{_hamlout.adjust_tabs(1); _hamlout.format_script_false_true_false_true_false_true_false((movie.release_date
));}</td>\n      <td>#{_hamlout.adjust_tabs(1); _hamlout.format_script_false_true_false_true_false_true_false((link_to "More about #{movie.title}", movie_path(movie)
));}</td>\n    </tr>\n", -1, false);end;_hamlout.push_text("  </tbody>\n</table>\n#{_hamlout.adjust_tabs(-2); 
_hamlout.format_script_false_false_false_true_false_true_false(( link_to 'Add new movie', new_movie_path
));}\n", 0, false);::Haml::Util.html_safe(_erbout);ensure;@haml_buffer = @haml_buffer.upper if @haml_buffer;end;
          ensure
            @virtual_path, @output_buffer = _old_virtual_path, _old_output_buffer
          end

Backtrace: /usr/local/lib/ruby/gems/1.9.1/gems/actionpack-3.2.14/lib/action_view/template.rb:297:in `module_eval'
/usr/local/lib/ruby/gems/1.9.1/gems/actionpack-3.2.14/lib/action_view/template.rb:297:in `compile'
/usr/local/lib/ruby/gems/1.9.1/gems/actionpack-3.2.14/lib/action_view/template.rb:244:in `block in compile!'
<internal:prelude>:10:in `synchronize'
/usr/local/lib/ruby/gems/1.9.1/gems/actionpack-3.2.14/lib/action_view/template.rb:232:in `compile!'
/usr/local/lib/ruby/gems/1.9.1/gems/actionpack-3.2.14/lib/action_view/template.rb:144:in `block in render'
/usr/local/lib/ruby/gems/1.9.1/gems/activesupport-3.2.14/lib/active_support/notifications.rb:125:in `instrument'
/usr/local/lib/ruby/gems/1.9.1/gems/actionpack-3.2.14/lib/action_view/template.rb:143:in `render'
/usr/local/lib/ruby/gems/1.9.1/gems/actionpack-3.2.14/lib/action_view/renderer/template_renderer.rb:48:in `block (2 levels) in render_template'
/usr/local/lib/ruby/gems/1.9.1/gems/actionpack-3.2.14/lib/action_view/renderer/abstract_renderer.rb:38:in `block in instrument'
/usr/local/lib/ruby/gems/1.9.1/gems/activesupport-3.2.14/lib/active_support/notifications.rb:123:in `block in instrument'
/usr/local/lib/ruby/gems/1.9.1/gems/activesupport-3.2.14/lib/active_support/notifications/instrumenter.rb:20:in `instrument'
/usr/local/lib/ruby/gems/1.9.1/gems/activesupport-3.2.14/lib/active_support/notifications.rb:123:in `instrument'
/usr/local/lib/ruby/gems/1.9.1/gems/actionpack-3.2.14/lib/action_view/renderer/abstract_renderer.rb:38:in `instrument'
/usr/local/lib/ruby/gems/1.9.1/gems/actionpack-3.2.14/lib/action_view/renderer/template_renderer.rb:47:in `block in render_template'
/usr/local/lib/ruby/gems/1.9.1/gems/actionpack-3.2.14/lib/action_view/renderer/template_renderer.rb:55:in `render_with_layout'
/usr/local/lib/ruby/gems/1.9.1/gems/actionpack-3.2.14/lib/action_view/renderer/template_renderer.rb:46:in `render_template'
/usr/local/lib/ruby/gems/1.9.1/gems/actionpack-3.2.14/lib/action_view/renderer/template_renderer.rb:19:in `render'
/usr/local/lib/ruby/gems/1.9.1/gems/actionpack-3.2.14/lib/action_view/renderer/renderer.rb:36:in `render_template'
/usr/local/lib/ruby/gems/1.9.1/gems/actionpack-3.2.14/lib/action_view/renderer/renderer.rb:17:in `render'
/usr/local/lib/ruby/gems/1.9.1/gems/actionpack-3.2.14/lib/abstract_controller/rendering.rb:110:in `_render_template'
/usr/local/lib/ruby/gems/1.9.1/gems/actionpack-3.2.14/lib/action_controller/metal/streaming.rb:225:in `_render_template'
/usr/local/lib/ruby/gems/1.9.1/gems/actionpack-3.2.14/lib/abstract_controller/rendering.rb:103:in `render_to_body'
/usr/local/lib/ruby/gems/1.9.1/gems/actionpack-3.2.14/lib/action_controller/metal/renderers.rb:28:in `render_to_body'
/usr/local/lib/ruby/gems/1.9.1/gems/actionpack-3.2.14/lib/action_controller/metal/compatibility.rb:50:in `render_to_body'
/usr/local/lib/ruby/gems/1.9.1/gems/actionpack-3.2.14/lib/abstract_controller/rendering.rb:88:in `render'
/usr/local/lib/ruby/gems/1.9.1/gems/actionpack-3.2.14/lib/action_controller/metal/rendering.rb:16:in `render'
/usr/local/lib/ruby/gems/1.9.1/gems/actionpack-3.2.14/lib/action_controller/metal/instrumentation.rb:40:in `block (2 levels) in render'
/usr/local/lib/ruby/gems/1.9.1/gems/activesupport-3.2.14/lib/active_support/core_ext/benchmark.rb:5:in `block in ms'
/usr/local/lib/ruby/1.9.1/benchmark.rb:310:in `realtime'
/usr/local/lib/ruby/gems/1.9.1/gems/activesupport-3.2.14/lib/active_support/core_ext/benchmark.rb:5:in `ms'
/usr/local/lib/ruby/gems/1.9.1/gems/actionpack-3.2.14/lib/action_controller/metal/instrumentation.rb:40:in `block in render'
/usr/local/lib/ruby/gems/1.9.1/gems/actionpack-3.2.14/lib/action_controller/metal/instrumentation.rb:83:in `cleanup_view_runtime'
/usr/local/lib/ruby/gems/1.9.1/gems/activerecord-3.2.14/lib/active_record/railties/controller_runtime.rb:24:in `cleanup_view_runtime'
/usr/local/lib/ruby/gems/1.9.1/gems/actionpack-3.2.14/lib/action_controller/metal/instrumentation.rb:39:in `render'
/usr/local/lib/ruby/gems/1.9.1/gems/actionpack-3.2.14/lib/action_controller/metal/implicit_render.rb:10:in `default_render'
/usr/local/lib/ruby/gems/1.9.1/gems/actionpack-3.2.14/lib/action_controller/metal/implicit_render.rb:5:in `send_action'
/usr/local/lib/ruby/gems/1.9.1/gems/actionpack-3.2.14/lib/abstract_controller/base.rb:167:in `process_action'
/usr/local/lib/ruby/gems/1.9.1/gems/actionpack-3.2.14/lib/action_controller/metal/rendering.rb:10:in `process_action'
/usr/local/lib/ruby/gems/1.9.1/gems/actionpack-3.2.14/lib/abstract_controller/callbacks.rb:18:in `block in process_action'
/usr/local/lib/ruby/gems/1.9.1/gems/activesupport-3.2.14/lib/active_support/callbacks.rb:414:in `_run__642279125__process_action__661852074__callbacks'
/usr/local/lib/ruby/gems/1.9.1/gems/activesupport-3.2.14/lib/active_support/callbacks.rb:405:in `__run_callback'
/usr/local/lib/ruby/gems/1.9.1/gems/activesupport-3.2.14/lib/active_support/callbacks.rb:385:in `_run_process_action_callbacks'
/usr/local/lib/ruby/gems/1.9.1/gems/activesupport-3.2.14/lib/active_support/callbacks.rb:81:in `run_callbacks'
/usr/local/lib/ruby/gems/1.9.1/gems/actionpack-3.2.14/lib/abstract_controller/callbacks.rb:17:in `process_action'
/usr/local/lib/ruby/gems/1.9.1/gems/actionpack-3.2.14/lib/action_controller/metal/rescue.rb:29:in `process_action'
/usr/local/lib/ruby/gems/1.9.1/gems/actionpack-3.2.14/lib/action_controller/metal/instrumentation.rb:30:in `block in process_action'
/usr/local/lib/ruby/gems/1.9.1/gems/activesupport-3.2.14/lib/active_support/notifications.rb:123:in `block in instrument'
/usr/local/lib/ruby/gems/1.9.1/gems/activesupport-3.2.14/lib/active_support/notifications/instrumenter.rb:20:in `instrument'
/usr/local/lib/ruby/gems/1.9.1/gems/activesupport-3.2.14/lib/active_support/notifications.rb:123:in `instrument'
/usr/local/lib/ruby/gems/1.9.1/gems/actionpack-3.2.14/lib/action_controller/metal/instrumentation.rb:29:in `process_action'
/usr/local/lib/ruby/gems/1.9.1/gems/actionpack-3.2.14/lib/action_controller/metal/params_wrapper.rb:207:in `process_action'
/usr/local/lib/ruby/gems/1.9.1/gems/activerecord-3.2.14/lib/active_record/railties/controller_runtime.rb:18:in `process_action'
/usr/local/lib/ruby/gems/1.9.1/gems/actionpack-3.2.14/lib/abstract_controller/base.rb:121:in `process'
/usr/local/lib/ruby/gems/1.9.1/gems/actionpack-3.2.14/lib/abstract_controller/rendering.rb:45:in `process'
/usr/local/lib/ruby/gems/1.9.1/gems/actionpack-3.2.14/lib/action_controller/metal.rb:203:in `dispatch'
/usr/local/lib/ruby/gems/1.9.1/gems/actionpack-3.2.14/lib/action_controller/metal/rack_delegation.rb:14:in `dispatch'
/usr/local/lib/ruby/gems/1.9.1/gems/actionpack-3.2.14/lib/action_controller/metal.rb:246:in `block in action'
/usr/local/lib/ruby/gems/1.9.1/gems/actionpack-3.2.14/lib/action_dispatch/routing/route_set.rb:73:in `call'
/usr/local/lib/ruby/gems/1.9.1/gems/actionpack-3.2.14/lib/action_dispatch/routing/route_set.rb:73:in `dispatch'
/usr/local/lib/ruby/gems/1.9.1/gems/actionpack-3.2.14/lib/action_dispatch/routing/route_set.rb:36:in `call'
/usr/local/lib/ruby/gems/1.9.1/gems/journey-1.0.4/lib/journey/router.rb:68:in `block in call'
/usr/local/lib/ruby/gems/1.9.1/gems/journey-1.0.4/lib/journey/router.rb:56:in `each'
/usr/local/lib/ruby/gems/1.9.1/gems/journey-1.0.4/lib/journey/router.rb:56:in `call'
/usr/local/lib/ruby/gems/1.9.1/gems/actionpack-3.2.14/lib/action_dispatch/routing/route_set.rb:608:in `call'
/usr/local/lib/ruby/gems/1.9.1/gems/actionpack-3.2.14/lib/action_dispatch/middleware/best_standards_support.rb:17:in `call'
/usr/local/lib/ruby/gems/1.9.1/gems/rack-1.4.5/lib/rack/etag.rb:23:in `call'
/usr/local/lib/ruby/gems/1.9.1/gems/rack-1.4.5/lib/rack/conditionalget.rb:25:in `call'
/usr/local/lib/ruby/gems/1.9.1/gems/actionpack-3.2.14/lib/action_dispatch/middleware/head.rb:14:in `call'
/usr/local/lib/ruby/gems/1.9.1/gems/actionpack-3.2.14/lib/action_dispatch/middleware/params_parser.rb:21:in `call'
/usr/local/lib/ruby/gems/1.9.1/gems/actionpack-3.2.14/lib/action_dispatch/middleware/flash.rb:242:in `call'
/usr/local/lib/ruby/gems/1.9.1/gems/rack-1.4.5/lib/rack/session/abstract/id.rb:210:in `context'
/usr/local/lib/ruby/gems/1.9.1/gems/rack-1.4.5/lib/rack/session/abstract/id.rb:205:in `call'
/usr/local/lib/ruby/gems/1.9.1/gems/actionpack-3.2.14/lib/action_dispatch/middleware/cookies.rb:341:in `call'
/usr/local/lib/ruby/gems/1.9.1/gems/activerecord-3.2.14/lib/active_record/query_cache.rb:64:in `call'
/usr/local/lib/ruby/gems/1.9.1/gems/activerecord-3.2.14/lib/active_record/connection_adapters/abstract/connection_pool.rb:479:in `call'
/usr/local/lib/ruby/gems/1.9.1/gems/actionpack-3.2.14/lib/action_dispatch/middleware/callbacks.rb:28:in `block in call'
/usr/local/lib/ruby/gems/1.9.1/gems/activesupport-3.2.14/lib/active_support/callbacks.rb:405:in `_run__440978992__call__811661799__callbacks'
/usr/local/lib/ruby/gems/1.9.1/gems/activesupport-3.2.14/lib/active_support/callbacks.rb:405:in `__run_callback'
/usr/local/lib/ruby/gems/1.9.1/gems/activesupport-3.2.14/lib/active_support/callbacks.rb:385:in `_run_call_callbacks'
/usr/local/lib/ruby/gems/1.9.1/gems/activesupport-3.2.14/lib/active_support/callbacks.rb:81:in `run_callbacks'
/usr/local/lib/ruby/gems/1.9.1/gems/actionpack-3.2.14/lib/action_dispatch/middleware/callbacks.rb:27:in `call'
/usr/local/lib/ruby/gems/1.9.1/gems/actionpack-3.2.14/lib/action_dispatch/middleware/reloader.rb:65:in `call'
/usr/local/lib/ruby/gems/1.9.1/gems/actionpack-3.2.14/lib/action_dispatch/middleware/remote_ip.rb:31:in `call'
/usr/local/lib/ruby/gems/1.9.1/gems/actionpack-3.2.14/lib/action_dispatch/middleware/debug_exceptions.rb:16:in `call'
/usr/local/lib/ruby/gems/1.9.1/gems/actionpack-3.2.14/lib/action_dispatch/middleware/show_exceptions.rb:56:in `call'
/usr/local/lib/ruby/gems/1.9.1/gems/railties-3.2.14/lib/rails/rack/logger.rb:32:in `call_app'
/usr/local/lib/ruby/gems/1.9.1/gems/railties-3.2.14/lib/rails/rack/logger.rb:16:in `block in call'
/usr/local/lib/ruby/gems/1.9.1/gems/activesupport-3.2.14/lib/active_support/tagged_logging.rb:22:in `tagged'
/usr/local/lib/ruby/gems/1.9.1/gems/railties-3.2.14/lib/rails/rack/logger.rb:16:in `call'
/usr/local/lib/ruby/gems/1.9.1/gems/actionpack-3.2.14/lib/action_dispatch/middleware/request_id.rb:22:in `call'
/usr/local/lib/ruby/gems/1.9.1/gems/rack-1.4.5/lib/rack/methodoverride.rb:21:in `call'
/usr/local/lib/ruby/gems/1.9.1/gems/rack-1.4.5/lib/rack/runtime.rb:17:in `call'
/usr/local/lib/ruby/gems/1.9.1/gems/activesupport-3.2.14/lib/active_support/cache/strategy/local_cache.rb:72:in `call'
/usr/local/lib/ruby/gems/1.9.1/gems/rack-1.4.5/lib/rack/lock.rb:15:in `call'
/usr/local/lib/ruby/gems/1.9.1/gems/actionpack-3.2.14/lib/action_dispatch/middleware/static.rb:63:in `call'
/usr/local/lib/ruby/gems/1.9.1/gems/railties-3.2.14/lib/rails/engine.rb:484:in `call'
/usr/local/lib/ruby/gems/1.9.1/gems/railties-3.2.14/lib/rails/application.rb:231:in `call'
/usr/local/lib/ruby/gems/1.9.1/gems/rack-1.4.5/lib/rack/content_length.rb:14:in `call'
/usr/local/lib/ruby/gems/1.9.1/gems/railties-3.2.14/lib/rails/rack/log_tailer.rb:17:in `call'
/usr/local/lib/ruby/gems/1.9.1/gems/rack-1.4.5/lib/rack/handler/webrick.rb:59:in `service'
/usr/local/lib/ruby/1.9.1/webrick/httpserver.rb:111:in `service'
/usr/local/lib/ruby/1.9.1/webrick/httpserver.rb:70:in `run'
/usr/local/lib/ruby/1.9.1/webrick/server.rb:183:in `block in start_thread'
  Rendered movies/index.html.haml within layouts/application (284.8ms)
Completed 500 Internal Server Error in 746ms

ActionView::Template::Error (/home/ubuntu/Documents/hw2_rottenpotatoes/app/views/movies/index.html.haml:9: syntax error, unexpected ';', expecting ')'
));}\n", 0, false);end;_hamlout.push_text("#{_ha...
                   ^
/home/ubuntu/Documents/hw2_rottenpotatoes/app/views/movies/index.html.haml:10: syntax error, unexpected keyword_end, expecting '}'
));}\n", 0, false);end;_hamlout.buffer << _hamlout....
                      ^
/home/ubuntu/Documents/hw2_rottenpotatoes/app/views/movies/index.html.haml:29: syntax error, unexpected keyword_ensure, expecting '}'
...:Util.html_safe(_erbout);ensure;@haml_buffer = @haml_buffer....
...                               ^
/home/ubuntu/Documents/hw2_rottenpotatoes/app/views/movies/index.html.haml:29: syntax error, unexpected keyword_end, expecting '}'
...uffer.upper if @haml_buffer;end;
...                               ^
/home/ubuntu/Documents/hw2_rottenpotatoes/app/views/movies/index.html.haml:32: syntax error, unexpected keyword_end, expecting '}'):
    6:   - @all_ratings.each do |rating, value|
    7:     = rating
    8:     = check_box_tag "ratings[#{rating}], 1, value
    9:   = submit_tag 'Refresh'
    10: 
    11: %table#movies
    12:   %thead
  actionpack (3.2.14) lib/action_view/template.rb:297:in `module_eval'
  actionpack (3.2.14) lib/action_view/template.rb:297:in `compile'
  actionpack (3.2.14) lib/action_view/template.rb:244:in `block in compile!'
  <internal:prelude>:10:in `synchronize'
  actionpack (3.2.14) lib/action_view/template.rb:232:in `compile!'
  actionpack (3.2.14) lib/action_view/template.rb:144:in `block in render'
  activesupport (3.2.14) lib/active_support/notifications.rb:125:in `instrument'
  actionpack (3.2.14) lib/action_view/template.rb:143:in `render'
  actionpack (3.2.14) lib/action_view/renderer/template_renderer.rb:48:in `block (2 levels) in render_template'
  actionpack (3.2.14) lib/action_view/renderer/abstract_renderer.rb:38:in `block in instrument'
  activesupport (3.2.14) lib/active_support/notifications.rb:123:in `block in instrument'
  activesupport (3.2.14) lib/active_support/notifications/instrumenter.rb:20:in `instrument'
  activesupport (3.2.14) lib/active_support/notifications.rb:123:in `instrument'
  actionpack (3.2.14) lib/action_view/renderer/abstract_renderer.rb:38:in `instrument'
  actionpack (3.2.14) lib/action_view/renderer/template_renderer.rb:47:in `block in render_template'
  actionpack (3.2.14) lib/action_view/renderer/template_renderer.rb:55:in `render_with_layout'
  actionpack (3.2.14) lib/action_view/renderer/template_renderer.rb:46:in `render_template'
  actionpack (3.2.14) lib/action_view/renderer/template_renderer.rb:19:in `render'
  actionpack (3.2.14) lib/action_view/renderer/renderer.rb:36:in `render_template'
  actionpack (3.2.14) lib/action_view/renderer/renderer.rb:17:in `render'
  actionpack (3.2.14) lib/abstract_controller/rendering.rb:110:in `_render_template'
  actionpack (3.2.14) lib/action_controller/metal/streaming.rb:225:in `_render_template'
  actionpack (3.2.14) lib/abstract_controller/rendering.rb:103:in `render_to_body'
  actionpack (3.2.14) lib/action_controller/metal/renderers.rb:28:in `render_to_body'
  actionpack (3.2.14) lib/action_controller/metal/compatibility.rb:50:in `render_to_body'
  actionpack (3.2.14) lib/abstract_controller/rendering.rb:88:in `render'
  actionpack (3.2.14) lib/action_controller/metal/rendering.rb:16:in `render'
  actionpack (3.2.14) lib/action_controller/metal/instrumentation.rb:40:in `block (2 levels) in render'
  activesupport (3.2.14) lib/active_support/core_ext/benchmark.rb:5:in `block in ms'
  /usr/local/lib/ruby/1.9.1/benchmark.rb:310:in `realtime'
  activesupport (3.2.14) lib/active_support/core_ext/benchmark.rb:5:in `ms'
  actionpack (3.2.14) lib/action_controller/metal/instrumentation.rb:40:in `block in render'
  actionpack (3.2.14) lib/action_controller/metal/instrumentation.rb:83:in `cleanup_view_runtime'
  activerecord (3.2.14) lib/active_record/railties/controller_runtime.rb:24:in `cleanup_view_runtime'
  actionpack (3.2.14) lib/action_controller/metal/instrumentation.rb:39:in `render'
  actionpack (3.2.14) lib/action_controller/metal/implicit_render.rb:10:in `default_render'
  actionpack (3.2.14) lib/action_controller/metal/implicit_render.rb:5:in `send_action'
  actionpack (3.2.14) lib/abstract_controller/base.rb:167:in `process_action'
  actionpack (3.2.14) lib/action_controller/metal/rendering.rb:10:in `process_action'
  actionpack (3.2.14) lib/abstract_controller/callbacks.rb:18:in `block in process_action'
  activesupport (3.2.14) lib/active_support/callbacks.rb:414:in `_run__642279125__process_action__661852074__callbacks'
  activesupport (3.2.14) lib/active_support/callbacks.rb:405:in `__run_callback'
  activesupport (3.2.14) lib/active_support/callbacks.rb:385:in `_run_process_action_callbacks'
  activesupport (3.2.14) lib/active_support/callbacks.rb:81:in `run_callbacks'
  actionpack (3.2.14) lib/abstract_controller/callbacks.rb:17:in `process_action'
  actionpack (3.2.14) lib/action_controller/metal/rescue.rb:29:in `process_action'
  actionpack (3.2.14) lib/action_controller/metal/instrumentation.rb:30:in `block in process_action'
  activesupport (3.2.14) lib/active_support/notifications.rb:123:in `block in instrument'
  activesupport (3.2.14) lib/active_support/notifications/instrumenter.rb:20:in `instrument'
  activesupport (3.2.14) lib/active_support/notifications.rb:123:in `instrument'
  actionpack (3.2.14) lib/action_controller/metal/instrumentation.rb:29:in `process_action'
  actionpack (3.2.14) lib/action_controller/metal/params_wrapper.rb:207:in `process_action'
  activerecord (3.2.14) lib/active_record/railties/controller_runtime.rb:18:in `process_action'
  actionpack (3.2.14) lib/abstract_controller/base.rb:121:in `process'
  actionpack (3.2.14) lib/abstract_controller/rendering.rb:45:in `process'
  actionpack (3.2.14) lib/action_controller/metal.rb:203:in `dispatch'
  actionpack (3.2.14) lib/action_controller/metal/rack_delegation.rb:14:in `dispatch'
  actionpack (3.2.14) lib/action_controller/metal.rb:246:in `block in action'
  actionpack (3.2.14) lib/action_dispatch/routing/route_set.rb:73:in `call'
  actionpack (3.2.14) lib/action_dispatch/routing/route_set.rb:73:in `dispatch'
  actionpack (3.2.14) lib/action_dispatch/routing/route_set.rb:36:in `call'
  journey (1.0.4) lib/journey/router.rb:68:in `block in call'
  journey (1.0.4) lib/journey/router.rb:56:in `each'
  journey (1.0.4) lib/journey/router.rb:56:in `call'
  actionpack (3.2.14) lib/action_dispatch/routing/route_set.rb:608:in `call'
  actionpack (3.2.14) lib/action_dispatch/middleware/best_standards_support.rb:17:in `call'
  rack (1.4.5) lib/rack/etag.rb:23:in `call'
  rack (1.4.5) lib/rack/conditionalget.rb:25:in `call'
  actionpack (3.2.14) lib/action_dispatch/middleware/head.rb:14:in `call'
  actionpack (3.2.14) lib/action_dispatch/middleware/params_parser.rb:21:in `call'
  actionpack (3.2.14) lib/action_dispatch/middleware/flash.rb:242:in `call'
  rack (1.4.5) lib/rack/session/abstract/id.rb:210:in `context'
  rack (1.4.5) lib/rack/session/abstract/id.rb:205:in `call'
  actionpack (3.2.14) lib/action_dispatch/middleware/cookies.rb:341:in `call'
  activerecord (3.2.14) lib/active_record/query_cache.rb:64:in `call'
  activerecord (3.2.14) lib/active_record/connection_adapters/abstract/connection_pool.rb:479:in `call'
  actionpack (3.2.14) lib/action_dispatch/middleware/callbacks.rb:28:in `block in call'
  activesupport (3.2.14) lib/active_support/callbacks.rb:405:in `_run__440978992__call__811661799__callbacks'
  activesupport (3.2.14) lib/active_support/callbacks.rb:405:in `__run_callback'
  activesupport (3.2.14) lib/active_support/callbacks.rb:385:in `_run_call_callbacks'
  activesupport (3.2.14) lib/active_support/callbacks.rb:81:in `run_callbacks'
  actionpack (3.2.14) lib/action_dispatch/middleware/callbacks.rb:27:in `call'
  actionpack (3.2.14) lib/action_dispatch/middleware/reloader.rb:65:in `call'
  actionpack (3.2.14) lib/action_dispatch/middleware/remote_ip.rb:31:in `call'
  actionpack (3.2.14) lib/action_dispatch/middleware/debug_exceptions.rb:16:in `call'
  actionpack (3.2.14) lib/action_dispatch/middleware/show_exceptions.rb:56:in `call'
  railties (3.2.14) lib/rails/rack/logger.rb:32:in `call_app'
  railties (3.2.14) lib/rails/rack/logger.rb:16:in `block in call'
  activesupport (3.2.14) lib/active_support/tagged_logging.rb:22:in `tagged'
  railties (3.2.14) lib/rails/rack/logger.rb:16:in `call'
  actionpack (3.2.14) lib/action_dispatch/middleware/request_id.rb:22:in `call'
  rack (1.4.5) lib/rack/methodoverride.rb:21:in `call'
  rack (1.4.5) lib/rack/runtime.rb:17:in `call'
  activesupport (3.2.14) lib/active_support/cache/strategy/local_cache.rb:72:in `call'
  rack (1.4.5) lib/rack/lock.rb:15:in `call'
  actionpack (3.2.14) lib/action_dispatch/middleware/static.rb:63:in `call'
  railties (3.2.14) lib/rails/engine.rb:484:in `call'
  railties (3.2.14) lib/rails/application.rb:231:in `call'
  rack (1.4.5) lib/rack/content_length.rb:14:in `call'
  railties (3.2.14) lib/rails/rack/log_tailer.rb:17:in `call'
  rack (1.4.5) lib/rack/handler/webrick.rb:59:in `service'
  /usr/local/lib/ruby/1.9.1/webrick/httpserver.rb:111:in `service'
  /usr/local/lib/ruby/1.9.1/webrick/httpserver.rb:70:in `run'
  /usr/local/lib/ruby/1.9.1/webrick/server.rb:183:in `block in start_thread'


  Rendered /usr/local/lib/ruby/gems/1.9.1/gems/actionpack-3.2.14/lib/action_dispatch/middleware/templates/rescues/_trace.erb (2.3ms)
  Rendered /usr/local/lib/ruby/gems/1.9.1/gems/actionpack-3.2.14/lib/action_dispatch/middleware/templates/rescues/_request_and_response.erb (1.7ms)
  Rendered /usr/local/lib/ruby/gems/1.9.1/gems/actionpack-3.2.14/lib/action_dispatch/middleware/templates/rescues/template_error.erb within rescues/layout (130.1ms)


Started GET "/movies" for 127.0.0.1 at 2013-10-15 21:57:11 -0700
Connecting to database specified by database.yml
Processing by MoviesController#index as HTML
  [1m[36mMovie Load (1.4ms)[0m  [1mSELECT "movies".* FROM "movies" WHERE "movies"."rating" IN ('G', 'PG', 'PG-13', 'R')[0m
  Rendered movies/index.html.haml within layouts/application (172.1ms)
Compiled application.css  (0ms)  (pid 15304)
Completed 200 OK in 509ms (Views: 459.6ms | ActiveRecord: 1.4ms)


Started GET "/assets/application.js?body=1" for 127.0.0.1 at 2013-10-15 21:57:15 -0700
Served asset /application.js - 304 Not Modified (69ms)


Started GET "/assets/application.css?body=1" for 127.0.0.1 at 2013-10-15 21:57:16 -0700
Served asset /application.css - 200 OK (28ms)


Started GET "/assets/jquery_ujs.js?body=1" for 127.0.0.1 at 2013-10-15 21:57:16 -0700
Served asset /jquery_ujs.js - 304 Not Modified (3ms)


Started GET "/assets/jquery.js?body=1" for 127.0.0.1 at 2013-10-15 21:57:16 -0700
Served asset /jquery.js - 304 Not Modified (49ms)


Started GET "/movies?utf8=%E2%9C%93&ratings%5BG%5D=1&ratings%5BPG%5D=1&commit=Refresh" for 127.0.0.1 at 2013-10-15 21:57:22 -0700
Processing by MoviesController#index as HTML
  Parameters: {"utf8"=>"✓", "ratings"=>{"G"=>"1", "PG"=>"1"}, "commit"=>"Refresh"}
  [1m[35mMovie Load (0.7ms)[0m  SELECT "movies".* FROM "movies" WHERE "movies"."rating" IN ('G', 'PG')
  Rendered movies/index.html.haml within layouts/application (13.3ms)
Completed 200 OK in 90ms (Views: 74.2ms | ActiveRecord: 0.7ms)


Started GET "/assets/application.js?body=1" for 127.0.0.1 at 2013-10-15 21:57:22 -0700
Served asset /application.js - 304 Not Modified (17ms)


Started GET "/assets/jquery_ujs.js?body=1" for 127.0.0.1 at 2013-10-15 21:57:22 -0700
Served asset /jquery_ujs.js - 304 Not Modified (0ms)


Started GET "/assets/application.css?body=1" for 127.0.0.1 at 2013-10-15 21:57:22 -0700
Served asset /application.css - 304 Not Modified (7ms)


Started GET "/assets/jquery.js?body=1" for 127.0.0.1 at 2013-10-15 21:57:22 -0700
Served asset /jquery.js - 304 Not Modified (16ms)


Started GET "/movies?utf8=%E2%9C%93&ratings%5BG%5D=1&ratings%5BPG%5D=1&ratings%5BPG-13%5D=1&ratings%5BR%5D=1&commit=Refresh" for 127.0.0.1 at 2013-10-15 21:57:30 -0700
Processing by MoviesController#index as HTML
  Parameters: {"utf8"=>"✓", "ratings"=>{"G"=>"1", "PG"=>"1", "PG-13"=>"1", "R"=>"1"}, "commit"=>"Refresh"}
  [1m[36mMovie Load (0.8ms)[0m  [1mSELECT "movies".* FROM "movies" WHERE "movies"."rating" IN ('G', 'PG', 'PG-13', 'R')[0m
  Rendered movies/index.html.haml within layouts/application (28.4ms)
Completed 200 OK in 64ms (Views: 60.1ms | ActiveRecord: 0.8ms)


Started GET "/assets/application.css?body=1" for 127.0.0.1 at 2013-10-15 21:57:30 -0700
Served asset /application.css - 304 Not Modified (0ms)


Started GET "/assets/jquery_ujs.js?body=1" for 127.0.0.1 at 2013-10-15 21:57:30 -0700
Served asset /jquery_ujs.js - 304 Not Modified (0ms)


Started GET "/assets/jquery.js?body=1" for 127.0.0.1 at 2013-10-15 21:57:30 -0700
Served asset /jquery.js - 304 Not Modified (16ms)


Started GET "/assets/application.js?body=1" for 127.0.0.1 at 2013-10-15 21:57:30 -0700
Served asset /application.js - 304 Not Modified (7ms)


Started GET "/movies" for 127.0.0.1 at 2013-10-15 21:57:41 -0700
Processing by MoviesController#index as HTML
  [1m[35mMovie Load (0.9ms)[0m  SELECT "movies".* FROM "movies" WHERE "movies"."rating" IN ('G', 'PG', 'PG-13', 'R')
  Rendered movies/index.html.haml within layouts/application (215.7ms)
Completed 200 OK in 272ms (Views: 256.0ms | ActiveRecord: 0.9ms)


Started GET "/assets/application.css?body=1" for 127.0.0.1 at 2013-10-15 21:57:41 -0700
Served asset /application.css - 304 Not Modified (1ms)


Started GET "/assets/jquery_ujs.js?body=1" for 127.0.0.1 at 2013-10-15 21:57:41 -0700
Served asset /jquery_ujs.js - 304 Not Modified (0ms)


Started GET "/assets/jquery.js?body=1" for 127.0.0.1 at 2013-10-15 21:57:41 -0700
Served asset /jquery.js - 304 Not Modified (18ms)


Started GET "/assets/application.js?body=1" for 127.0.0.1 at 2013-10-15 21:57:41 -0700
Served asset /application.js - 304 Not Modified (2ms)


Started GET "/movies?utf8=%E2%9C%93&commit=Refresh" for 127.0.0.1 at 2013-10-15 21:57:44 -0700
Processing by MoviesController#index as HTML
  Parameters: {"utf8"=>"✓", "commit"=>"Refresh"}
  [1m[36mMovie Load (0.8ms)[0m  [1mSELECT "movies".* FROM "movies" WHERE "movies"."rating" IN ('G', 'PG', 'PG-13', 'R')[0m
  Rendered movies/index.html.haml within layouts/application (25.9ms)
Completed 200 OK in 96ms (Views: 75.5ms | ActiveRecord: 0.8ms)


Started GET "/assets/application.css?body=1" for 127.0.0.1 at 2013-10-15 21:57:44 -0700
Served asset /application.css - 304 Not Modified (0ms)


Started GET "/assets/jquery.js?body=1" for 127.0.0.1 at 2013-10-15 21:57:45 -0700
Served asset /jquery.js - 304 Not Modified (23ms)


Started GET "/assets/application.js?body=1" for 127.0.0.1 at 2013-10-15 21:57:45 -0700
Served asset /application.js - 304 Not Modified (23ms)


Started GET "/assets/jquery_ujs.js?body=1" for 127.0.0.1 at 2013-10-15 21:57:45 -0700
Served asset /jquery_ujs.js - 304 Not Modified (0ms)


Started GET "/movies?utf8=%E2%9C%93&ratings%5BPG%5D=1&commit=Refresh" for 127.0.0.1 at 2013-10-15 21:59:29 -0700
Processing by MoviesController#index as HTML
  Parameters: {"utf8"=>"✓", "ratings"=>{"PG"=>"1"}, "commit"=>"Refresh"}
  [1m[35mMovie Load (0.7ms)[0m  SELECT "movies".* FROM "movies" WHERE "movies"."rating" IN ('PG')
  Rendered movies/index.html.haml within layouts/application (19.7ms)
Completed 200 OK in 68ms (Views: 63.9ms | ActiveRecord: 0.7ms)


Started GET "/assets/application.css?body=1" for 127.0.0.1 at 2013-10-15 21:59:30 -0700
Served asset /application.css - 304 Not Modified (0ms)


Started GET "/assets/jquery.js?body=1" for 127.0.0.1 at 2013-10-15 21:59:30 -0700
Served asset /jquery.js - 304 Not Modified (1ms)


Started GET "/assets/application.js?body=1" for 127.0.0.1 at 2013-10-15 21:59:30 -0700
Served asset /application.js - 304 Not Modified (27ms)


Started GET "/assets/jquery_ujs.js?body=1" for 127.0.0.1 at 2013-10-15 21:59:30 -0700
Served asset /jquery_ujs.js - 304 Not Modified (14ms)


Started GET "/movies?ratings%5BPG%5D=1&sort=title" for 127.0.0.1 at 2013-10-15 21:59:32 -0700
Processing by MoviesController#index as HTML
  Parameters: {"ratings"=>{"PG"=>"1"}, "sort"=>"title"}
  [1m[36mMovie Load (1.1ms)[0m  [1mSELECT "movies".* FROM "movies" WHERE "movies"."rating" IN ('PG') ORDER BY title ASC[0m
  Rendered movies/index.html.haml within layouts/application (23.7ms)
Completed 200 OK in 104ms (Views: 64.7ms | ActiveRecord: 1.1ms)


Started GET "/assets/application.css?body=1" for 127.0.0.1 at 2013-10-15 21:59:33 -0700
Served asset /application.css - 304 Not Modified (0ms)


Started GET "/assets/jquery_ujs.js?body=1" for 127.0.0.1 at 2013-10-15 21:59:33 -0700
Served asset /jquery_ujs.js - 304 Not Modified (9ms)


Started GET "/assets/application.js?body=1" for 127.0.0.1 at 2013-10-15 21:59:33 -0700
Served asset /application.js - 304 Not Modified (12ms)


Started GET "/assets/jquery.js?body=1" for 127.0.0.1 at 2013-10-15 21:59:33 -0700
Served asset /jquery.js - 304 Not Modified (18ms)


Started GET "/movies?ratings%5BPG%5D=1&sort=release_date" for 127.0.0.1 at 2013-10-15 21:59:36 -0700
Processing by MoviesController#index as HTML
  Parameters: {"ratings"=>{"PG"=>"1"}, "sort"=>"release_date"}
  [1m[35mMovie Load (1.0ms)[0m  SELECT "movies".* FROM "movies" WHERE "movies"."rating" IN ('PG') ORDER BY release_date ASC
  Rendered movies/index.html.haml within layouts/application (20.2ms)
Completed 200 OK in 75ms (Views: 56.0ms | ActiveRecord: 1.0ms)


Started GET "/assets/application.css?body=1" for 127.0.0.1 at 2013-10-15 21:59:36 -0700
Served asset /application.css - 304 Not Modified (0ms)


Started GET "/assets/jquery_ujs.js?body=1" for 127.0.0.1 at 2013-10-15 21:59:36 -0700
Served asset /jquery_ujs.js - 304 Not Modified (0ms)


Started GET "/assets/application.js?body=1" for 127.0.0.1 at 2013-10-15 21:59:36 -0700
Served asset /application.js - 304 Not Modified (12ms)


Started GET "/assets/jquery.js?body=1" for 127.0.0.1 at 2013-10-15 21:59:36 -0700
Served asset /jquery.js - 304 Not Modified (19ms)


Started GET "/movies?utf8=%E2%9C%93&commit=Refresh" for 127.0.0.1 at 2013-10-15 21:59:46 -0700
Processing by MoviesController#index as HTML
  Parameters: {"utf8"=>"✓", "commit"=>"Refresh"}
  [1m[36mMovie Load (0.9ms)[0m  [1mSELECT "movies".* FROM "movies" WHERE "movies"."rating" IN ('G', 'PG', 'PG-13', 'R')[0m
  Rendered movies/index.html.haml within layouts/application (42.5ms)
Completed 200 OK in 78ms (Views: 65.7ms | ActiveRecord: 0.9ms)


Started GET "/assets/application.js?body=1" for 127.0.0.1 at 2013-10-15 21:59:47 -0700
Served asset /application.js - 304 Not Modified (31ms)


Started GET "/assets/application.css?body=1" for 127.0.0.1 at 2013-10-15 21:59:47 -0700
Served asset /application.css - 304 Not Modified (0ms)


Started GET "/assets/jquery_ujs.js?body=1" for 127.0.0.1 at 2013-10-15 21:59:47 -0700
Served asset /jquery_ujs.js - 304 Not Modified (6ms)


Started GET "/assets/jquery.js?body=1" for 127.0.0.1 at 2013-10-15 21:59:47 -0700
Served asset /jquery.js - 304 Not Modified (6ms)


Started GET "/movies?utf8=%E2%9C%93&commit=Refresh" for 127.0.0.1 at 2013-10-15 22:01:42 -0700
Connecting to database specified by database.yml
Processing by MoviesController#index as HTML
  Parameters: {"utf8"=>"✓", "commit"=>"Refresh"}
  [1m[36mMovie Load (1.5ms)[0m  [1mSELECT "movies".* FROM "movies" WHERE "movies"."rating" IN ('G', 'PG', 'PG-13', 'R')[0m
  Rendered movies/index.html.haml within layouts/application (184.1ms)
Completed 200 OK in 489ms (Views: 431.1ms | ActiveRecord: 1.5ms)


Started GET "/assets/application.css?body=1" for 127.0.0.1 at 2013-10-15 22:01:46 -0700
Served asset /application.css - 304 Not Modified (54ms)


Started GET "/assets/jquery_ujs.js?body=1" for 127.0.0.1 at 2013-10-15 22:01:46 -0700
Served asset /jquery_ujs.js - 304 Not Modified (23ms)


Started GET "/assets/application.js?body=1" for 127.0.0.1 at 2013-10-15 22:01:46 -0700
Served asset /application.js - 304 Not Modified (48ms)


Started GET "/assets/jquery.js?body=1" for 127.0.0.1 at 2013-10-15 22:01:46 -0700
Served asset /jquery.js - 304 Not Modified (53ms)


Started GET "/movies" for 127.0.0.1 at 2013-10-15 22:01:56 -0700
Processing by MoviesController#index as HTML
  [1m[35mMovie Load (0.6ms)[0m  SELECT "movies".* FROM "movies" WHERE "movies"."rating" IN ('G', 'PG', 'PG-13', 'R')
  Rendered movies/index.html.haml within layouts/application (33.6ms)
Completed 200 OK in 96ms (Views: 79.5ms | ActiveRecord: 0.6ms)


Started GET "/assets/jquery.js?body=1" for 127.0.0.1 at 2013-10-15 22:01:56 -0700
Served asset /jquery.js - 304 Not Modified (2ms)


Started GET "/assets/application.js?body=1" for 127.0.0.1 at 2013-10-15 22:01:56 -0700
Served asset /application.js - 304 Not Modified (3ms)


Started GET "/assets/application.css?body=1" for 127.0.0.1 at 2013-10-15 22:01:56 -0700
Served asset /application.css - 304 Not Modified (0ms)


Started GET "/assets/jquery_ujs.js?body=1" for 127.0.0.1 at 2013-10-15 22:01:56 -0700
Served asset /jquery_ujs.js - 304 Not Modified (0ms)


Started GET "/movies" for 127.0.0.1 at 2013-10-15 22:19:09 -0700
Connecting to database specified by database.yml
Processing by MoviesController#index as HTML
  [1m[36mMovie Load (1.9ms)[0m  [1mSELECT "movies".* FROM "movies" WHERE "movies"."rating" IN ('G', 'PG', 'PG-13', 'R')[0m
  Rendered movies/index.html.haml within layouts/application (323.4ms)
Completed 200 OK in 713ms (Views: 637.9ms | ActiveRecord: 1.9ms)


Started GET "/assets/application.css?body=1" for 127.0.0.1 at 2013-10-15 22:19:14 -0700
Served asset /application.css - 304 Not Modified (35ms)


Started GET "/assets/jquery.js?body=1" for 127.0.0.1 at 2013-10-15 22:19:14 -0700
Served asset /jquery.js - 304 Not Modified (70ms)


Started GET "/assets/application.js?body=1" for 127.0.0.1 at 2013-10-15 22:19:14 -0700
Served asset /application.js - 304 Not Modified (62ms)


Started GET "/assets/jquery_ujs.js?body=1" for 127.0.0.1 at 2013-10-15 22:19:14 -0700
Served asset /jquery_ujs.js - 304 Not Modified (17ms)


Started GET "/movies?utf8=%E2%9C%93&ratings%5BPG%5D=1&ratings%5BPG-13%5D=1&commit=Refresh" for 127.0.0.1 at 2013-10-15 22:19:20 -0700
Processing by MoviesController#index as HTML
  Parameters: {"utf8"=>"✓", "ratings"=>{"PG"=>"1", "PG-13"=>"1"}, "commit"=>"Refresh"}
  [1m[35mMovie Load (0.7ms)[0m  SELECT "movies".* FROM "movies" WHERE "movies"."rating" IN ('PG', 'PG-13')
  Rendered movies/index.html.haml within layouts/application (30.3ms)
Completed 200 OK in 98ms (Views: 79.7ms | ActiveRecord: 0.7ms)


Started GET "/assets/application.css?body=1" for 127.0.0.1 at 2013-10-15 22:19:20 -0700
Served asset /application.css - 304 Not Modified (0ms)


Started GET "/assets/jquery_ujs.js?body=1" for 127.0.0.1 at 2013-10-15 22:19:20 -0700
Served asset /jquery_ujs.js - 304 Not Modified (0ms)


Started GET "/assets/application.js?body=1" for 127.0.0.1 at 2013-10-15 22:19:20 -0700
Served asset /application.js - 304 Not Modified (2ms)


Started GET "/assets/jquery.js?body=1" for 127.0.0.1 at 2013-10-15 22:19:20 -0700
Served asset /jquery.js - 304 Not Modified (1ms)


Started GET "/movies?utf8=%E2%9C%93&commit=Refresh" for 127.0.0.1 at 2013-10-15 22:19:26 -0700
Processing by MoviesController#index as HTML
  Parameters: {"utf8"=>"✓", "commit"=>"Refresh"}
Redirected to http://localhost:3000/movies?ratings%5BPG%5D=1&ratings%5BPG-13%5D=1
  [1m[36mMovie Load (1.1ms)[0m  [1mSELECT "movies".* FROM "movies" WHERE "movies"."rating" IN ('G', 'PG', 'PG-13', 'R')[0m
Completed 302 Found in 24ms (ActiveRecord: 1.1ms)


Started GET "/movies?ratings%5BPG%5D=1&ratings%5BPG-13%5D=1" for 127.0.0.1 at 2013-10-15 22:19:27 -0700
Processing by MoviesController#index as HTML
  Parameters: {"ratings"=>{"PG"=>"1", "PG-13"=>"1"}}
  [1m[35mMovie Load (0.4ms)[0m  SELECT "movies".* FROM "movies" WHERE "movies"."rating" IN ('PG', 'PG-13')
  Rendered movies/index.html.haml within layouts/application (22.0ms)
Completed 200 OK in 83ms (Views: 81.3ms | ActiveRecord: 0.4ms)


Started GET "/assets/application.css?body=1" for 127.0.0.1 at 2013-10-15 22:19:27 -0700
Served asset /application.css - 304 Not Modified (0ms)


Started GET "/assets/application.js?body=1" for 127.0.0.1 at 2013-10-15 22:19:27 -0700
Served asset /application.js - 304 Not Modified (2ms)


Started GET "/assets/jquery.js?body=1" for 127.0.0.1 at 2013-10-15 22:19:27 -0700
Served asset /jquery.js - 304 Not Modified (1ms)


Started GET "/assets/jquery_ujs.js?body=1" for 127.0.0.1 at 2013-10-15 22:19:27 -0700
Served asset /jquery_ujs.js - 304 Not Modified (8ms)


Started GET "/movies/4" for 127.0.0.1 at 2013-10-15 22:19:37 -0700
Processing by MoviesController#show as HTML
  Parameters: {"id"=>"4"}
  [1m[36mMovie Load (1.2ms)[0m  [1mSELECT "movies".* FROM "movies" WHERE "movies"."id" = ? LIMIT 1[0m  [["id", "4"]]
  Rendered movies/show.html.haml within layouts/application (239.2ms)
Completed 200 OK in 357ms (Views: 309.3ms | ActiveRecord: 1.2ms)


Started GET "/assets/jquery.js?body=1" for 127.0.0.1 at 2013-10-15 22:19:38 -0700
Served asset /jquery.js - 304 Not Modified (8ms)


Started GET "/assets/application.js?body=1" for 127.0.0.1 at 2013-10-15 22:19:38 -0700
Served asset /application.js - 304 Not Modified (2ms)


Started GET "/assets/application.css?body=1" for 127.0.0.1 at 2013-10-15 22:19:38 -0700
Served asset /application.css - 304 Not Modified (0ms)


Started GET "/assets/jquery_ujs.js?body=1" for 127.0.0.1 at 2013-10-15 22:19:38 -0700
Served asset /jquery_ujs.js - 304 Not Modified (0ms)


Started GET "/movies" for 127.0.0.1 at 2013-10-15 22:19:40 -0700
Processing by MoviesController#index as HTML
Redirected to http://localhost:3000/movies?ratings%5BPG%5D=1&ratings%5BPG-13%5D=1
  [1m[35mMovie Load (1.0ms)[0m  SELECT "movies".* FROM "movies" WHERE "movies"."rating" IN ('G', 'PG', 'PG-13', 'R')
Completed 302 Found in 15ms (ActiveRecord: 1.0ms)


Started GET "/movies?ratings%5BPG%5D=1&ratings%5BPG-13%5D=1" for 127.0.0.1 at 2013-10-15 22:19:40 -0700
Processing by MoviesController#index as HTML
  Parameters: {"ratings"=>{"PG"=>"1", "PG-13"=>"1"}}
  [1m[36mMovie Load (0.7ms)[0m  [1mSELECT "movies".* FROM "movies" WHERE "movies"."rating" IN ('PG', 'PG-13')[0m
  Rendered movies/index.html.haml within layouts/application (24.5ms)
Completed 200 OK in 51ms (Views: 42.9ms | ActiveRecord: 0.7ms)


Started GET "/assets/application.css?body=1" for 127.0.0.1 at 2013-10-15 22:19:41 -0700
Served asset /application.css - 304 Not Modified (0ms)


Started GET "/assets/jquery.js?body=1" for 127.0.0.1 at 2013-10-15 22:19:41 -0700
Served asset /jquery.js - 304 Not Modified (10ms)


Started GET "/assets/jquery_ujs.js?body=1" for 127.0.0.1 at 2013-10-15 22:19:41 -0700
Served asset /jquery_ujs.js - 304 Not Modified (13ms)


Started GET "/assets/application.js?body=1" for 127.0.0.1 at 2013-10-15 22:19:41 -0700
Served asset /application.js - 304 Not Modified (3ms)


Started GET "/movies?utf8=%E2%9C%93&commit=Refresh" for 127.0.0.1 at 2013-10-15 22:19:51 -0700
Processing by MoviesController#index as HTML
  Parameters: {"utf8"=>"✓", "commit"=>"Refresh"}
Redirected to http://localhost:3000/movies?ratings%5BPG%5D=1&ratings%5BPG-13%5D=1
  [1m[35mMovie Load (0.8ms)[0m  SELECT "movies".* FROM "movies" WHERE "movies"."rating" IN ('G', 'PG', 'PG-13', 'R')
Completed 302 Found in 14ms (ActiveRecord: 0.8ms)


Started GET "/movies?ratings%5BPG%5D=1&ratings%5BPG-13%5D=1" for 127.0.0.1 at 2013-10-15 22:19:51 -0700
Processing by MoviesController#index as HTML
  Parameters: {"ratings"=>{"PG"=>"1", "PG-13"=>"1"}}
  [1m[36mMovie Load (19.7ms)[0m  [1mSELECT "movies".* FROM "movies" WHERE "movies"."rating" IN ('PG', 'PG-13')[0m
  Rendered movies/index.html.haml within layouts/application (26.5ms)
Completed 200 OK in 85ms (Views: 63.3ms | ActiveRecord: 19.7ms)


Started GET "/assets/application.css?body=1" for 127.0.0.1 at 2013-10-15 22:19:51 -0700
Served asset /application.css - 304 Not Modified (0ms)


Started GET "/assets/jquery_ujs.js?body=1" for 127.0.0.1 at 2013-10-15 22:19:52 -0700
Served asset /jquery_ujs.js - 304 Not Modified (0ms)


Started GET "/assets/jquery.js?body=1" for 127.0.0.1 at 2013-10-15 22:19:52 -0700
Served asset /jquery.js - 304 Not Modified (8ms)


Started GET "/assets/application.js?body=1" for 127.0.0.1 at 2013-10-15 22:19:52 -0700
Served asset /application.js - 304 Not Modified (20ms)


Started GET "/movies?utf8=%E2%9C%93&ratings%5BG%5D=1&ratings%5BPG%5D=1&ratings%5BPG-13%5D=1&ratings%5BR%5D=1&commit=Refresh" for 127.0.0.1 at 2013-10-15 22:19:55 -0700
Processing by MoviesController#index as HTML
  Parameters: {"utf8"=>"✓", "ratings"=>{"G"=>"1", "PG"=>"1", "PG-13"=>"1", "R"=>"1"}, "commit"=>"Refresh"}
  [1m[35mMovie Load (0.9ms)[0m  SELECT "movies".* FROM "movies" WHERE "movies"."rating" IN ('G', 'PG', 'PG-13', 'R')
  Rendered movies/index.html.haml within layouts/application (21.6ms)
Completed 200 OK in 124ms (Views: 88.7ms | ActiveRecord: 0.9ms)


Started GET "/assets/jquery_ujs.js?body=1" for 127.0.0.1 at 2013-10-15 22:19:56 -0700
Served asset /jquery_ujs.js - 304 Not Modified (0ms)


Started GET "/assets/application.css?body=1" for 127.0.0.1 at 2013-10-15 22:19:56 -0700
Served asset /application.css - 304 Not Modified (8ms)


Started GET "/assets/jquery.js?body=1" for 127.0.0.1 at 2013-10-15 22:19:56 -0700
Served asset /jquery.js - 304 Not Modified (2ms)


Started GET "/assets/application.js?body=1" for 127.0.0.1 at 2013-10-15 22:19:56 -0700
Served asset /application.js - 304 Not Modified (2ms)


Started GET "/movies/" for 127.0.0.1 at 2013-10-15 22:20:02 -0700
Processing by MoviesController#index as HTML
Redirected to http://localhost:3000/movies?ratings%5BG%5D=1&ratings%5BPG%5D=1&ratings%5BPG-13%5D=1&ratings%5BR%5D=1
  [1m[36mMovie Load (0.8ms)[0m  [1mSELECT "movies".* FROM "movies" WHERE "movies"."rating" IN ('G', 'PG', 'PG-13', 'R')[0m
Completed 302 Found in 34ms (ActiveRecord: 0.8ms)


Started GET "/movies?ratings%5BG%5D=1&ratings%5BPG%5D=1&ratings%5BPG-13%5D=1&ratings%5BR%5D=1" for 127.0.0.1 at 2013-10-15 22:20:02 -0700
Processing by MoviesController#index as HTML
  Parameters: {"ratings"=>{"G"=>"1", "PG"=>"1", "PG-13"=>"1", "R"=>"1"}}
  [1m[35mMovie Load (0.6ms)[0m  SELECT "movies".* FROM "movies" WHERE "movies"."rating" IN ('G', 'PG', 'PG-13', 'R')
  Rendered movies/index.html.haml within layouts/application (31.3ms)
Completed 200 OK in 73ms (Views: 60.2ms | ActiveRecord: 0.6ms)


Started GET "/assets/jquery.js?body=1" for 127.0.0.1 at 2013-10-15 22:20:03 -0700
Served asset /jquery.js - 304 Not Modified (1ms)


Started GET "/assets/application.js?body=1" for 127.0.0.1 at 2013-10-15 22:20:03 -0700
Served asset /application.js - 304 Not Modified (31ms)


Started GET "/assets/application.css?body=1" for 127.0.0.1 at 2013-10-15 22:20:03 -0700
Served asset /application.css - 304 Not Modified (0ms)


Started GET "/assets/jquery_ujs.js?body=1" for 127.0.0.1 at 2013-10-15 22:20:03 -0700
Served asset /jquery_ujs.js - 304 Not Modified (0ms)


Started GET "/movies?utf8=%E2%9C%93&commit=Refresh" for 127.0.0.1 at 2013-10-15 22:20:13 -0700
Processing by MoviesController#index as HTML
  Parameters: {"utf8"=>"✓", "commit"=>"Refresh"}
Redirected to http://localhost:3000/movies?ratings%5BG%5D=1&ratings%5BPG%5D=1&ratings%5BPG-13%5D=1&ratings%5BR%5D=1
  [1m[36mMovie Load (4.8ms)[0m  [1mSELECT "movies".* FROM "movies" WHERE "movies"."rating" IN ('G', 'PG', 'PG-13', 'R')[0m
Completed 302 Found in 14ms (ActiveRecord: 4.8ms)


Started GET "/movies?ratings%5BG%5D=1&ratings%5BPG%5D=1&ratings%5BPG-13%5D=1&ratings%5BR%5D=1" for 127.0.0.1 at 2013-10-15 22:20:14 -0700
Processing by MoviesController#index as HTML
  Parameters: {"ratings"=>{"G"=>"1", "PG"=>"1", "PG-13"=>"1", "R"=>"1"}}
  [1m[35mMovie Load (1.0ms)[0m  SELECT "movies".* FROM "movies" WHERE "movies"."rating" IN ('G', 'PG', 'PG-13', 'R')
  Rendered movies/index.html.haml within layouts/application (47.7ms)
Completed 200 OK in 101ms (Views: 88.1ms | ActiveRecord: 1.0ms)


Started GET "/assets/jquery_ujs.js?body=1" for 127.0.0.1 at 2013-10-15 22:20:14 -0700
Served asset /jquery_ujs.js - 304 Not Modified (16ms)


Started GET "/assets/jquery.js?body=1" for 127.0.0.1 at 2013-10-15 22:20:14 -0700
Served asset /jquery.js - 304 Not Modified (14ms)


Started GET "/assets/application.js?body=1" for 127.0.0.1 at 2013-10-15 22:20:14 -0700
Served asset /application.js - 304 Not Modified (2ms)


Started GET "/assets/application.css?body=1" for 127.0.0.1 at 2013-10-15 22:20:14 -0700
Served asset /application.css - 304 Not Modified (0ms)
